<?xml version="1.0" encoding="UTF-8"?>
<!-- Generated by org.testng.reporters.JUnitReportReporter -->
<testsuite hostname="DESKTOP-FRE1AQT" failures="0" tests="3" name="org.tcs.A" time="0.017" errors="0" timestamp="25 Sep 2024 15:17:59 GMT" skipped="0">
  <testcase classname="org.tcs.A" name="tc2" time="0.014"/>
  <testcase classname="org.tcs.A" name="tc3" time="0.001"/>
  <testcase classname="org.tcs.A" name="tc5" time="0.002"/>
</testsuite> <!-- org.tcs.A -->
