<?xml version="1.0" encoding="UTF-8"?>
<!-- Generated by org.testng.reporters.JUnitReportReporter -->
<testsuite hostname="DESKTOP-FRE1AQT" failures="0" tests="5" name="org.tcs.Hello" time="0.013" errors="0" timestamp="23 Sep 2024 14:02:34 GMT" skipped="0">
  <testcase classname="org.tcs.Hello" name="login" time="0.008"/>
  <testcase classname="org.tcs.Hello" name="searchHotel" time="0.001"/>
  <testcase classname="org.tcs.Hello" name="selectHotel" time="0.002"/>
  <testcase classname="org.tcs.Hello" name="bookHotel" time="0.001"/>
  <testcase classname="org.tcs.Hello" name="bookConfirmation" time="0.001"/>
</testsuite> <!-- org.tcs.Hello -->
