<?xml version="1.0" encoding="UTF-8"?>
<!-- Generated by org.testng.reporters.JUnitReportReporter -->
<testsuite hostname="DESKTOP-FRE1AQT" failures="0" tests="5" name="org.tcs.A" time="0.014" errors="0" timestamp="25 Sep 2024 12:58:50 GMT" skipped="0">
  <testcase classname="org.tcs.A" name="tc2" time="0.001"/>
  <testcase classname="org.tcs.A" name="tc5" time="0.001"/>
  <testcase classname="org.tcs.A" name="tc1" time="0.008"/>
  <testcase classname="org.tcs.A" name="tc4" time="0.002"/>
  <testcase classname="org.tcs.A" name="tc3" time="0.002"/>
</testsuite> <!-- org.tcs.A -->
