<?xml version="1.0" encoding="UTF-8"?>
<!-- Generated by org.testng.reporters.JUnitReportReporter -->
<testsuite hostname="DESKTOP-FRE1AQT" failures="0" tests="3" name="org.tcs.CrossBrowser" time="15.767" errors="0" timestamp="25 Sep 2024 12:52:52 GMT" skipped="0">
  <testcase classname="org.tcs.CrossBrowser" name="cross" time="3.694"/>
  <testcase classname="org.tcs.CrossBrowser" name="cross" time="5.453"/>
  <testcase classname="org.tcs.CrossBrowser" name="cross" time="6.620"/>
</testsuite> <!-- org.tcs.CrossBrowser -->
