<?xml version="1.0" encoding="UTF-8"?>
<!-- Generated by org.testng.reporters.JUnitReportReporter -->
<testsuite hostname="DESKTOP-FRE1AQT" failures="0" tests="3" name="org.tcs.Sample" time="14.842" errors="0" timestamp="25 Sep 2024 11:44:07 GMT" skipped="0">
  <testcase classname="org.tcs.Sample" name="crossBrowser" time="5.972"/>
  <testcase classname="org.tcs.Sample" name="crossBrowser" time="5.678"/>
  <testcase classname="org.tcs.Sample" name="crossBrowser" time="3.192"/>
</testsuite> <!-- org.tcs.Sample -->
