<?xml version="1.0" encoding="UTF-8"?>
<!-- Generated by org.testng.reporters.JUnitReportReporter -->
<testsuite hostname="DESKTOP-FRE1AQT" failures="0" tests="1" name="org.tcs.Sample" time="1.894" errors="0" timestamp="21 Sep 2024 11:48:01 GMT" skipped="0">
  <testcase classname="org.tcs.Sample" name="login" time="1.894"/>
</testsuite> <!-- org.tcs.Sample -->
