<?xml version="1.0" encoding="UTF-8"?>
<!-- Generated by org.testng.reporters.JUnitReportReporter -->
<testsuite hostname="DESKTOP-FRE1AQT" failures="0" tests="4" name="org.tcs.Sample" time="4.204" errors="0" timestamp="25 Sep 2024 12:58:50 GMT" skipped="0">
  <testcase classname="org.tcs.Sample" name="login" time="0.899"/>
  <testcase classname="org.tcs.Sample" name="login" time="1.071"/>
  <testcase classname="org.tcs.Sample" name="login" time="0.962"/>
  <testcase classname="org.tcs.Sample" name="login" time="1.272"/>
</testsuite> <!-- org.tcs.Sample -->
